<?xml version="1.0" encoding="UTF-8"?>
<!-- Generated by org.testng.reporters.JUnitReportReporter -->
<testsuite hostname="Arrenns-iMac.local" failures="0" tests="1" name="testcase.TestCaseFirst" time="56.729" errors="0" timestamp="2025-05-17T15:01:06 PDT" skipped="0">
  <testcase classname="testcase.TestCaseFirst" name="LoginTest" time="56.729"/>
</testsuite> <!-- testcase.TestCaseFirst -->
