<?xml version="1.0" encoding="UTF-8"?>
<!-- Generated by org.testng.reporters.JUnitReportReporter -->
<testsuite hostname="Arrenns-iMac.local" failures="0" tests="1" name="testcase.TestCaseFirst" time="14.054" errors="0" timestamp="2025-05-16T17:27:17 PDT" skipped="0">
  <testcase classname="testcase.TestCaseFirst" name="LoginTest" time="14.054"/>
</testsuite> <!-- testcase.TestCaseFirst -->
