<?xml version="1.0" encoding="UTF-8"?>
<!-- Generated by org.testng.reporters.JUnitReportReporter -->
<testsuite hostname="Arrenns-iMac.local" failures="0" tests="1" name="testcase.TestCaseFirst" time="11.137" errors="0" timestamp="2025-05-16T10:08:34 PDT" skipped="0">
  <testcase classname="testcase.TestCaseFirst" name="LoginTest" time="11.137"/>
</testsuite> <!-- testcase.TestCaseFirst -->
